* About to connect() to stt.api.cloud.yandex.net port 443 (#19)
*   Trying 2a02:6b8::5d...
* Connected to stt.api.cloud.yandex.net (2a02:6b8::5d) port 443 (#19)
* warning: ignoring value of ssl.verifyhost
* skipping SSL peer certificate verification
* SSL connection using TLS_ECDHE_RSA_WITH_AES_128_GCM_SHA256
* Server certificate:
* 	subject: CN=stt.api.cloud.yandex.net,ST=Russian Federation,L=Moscow,OU=ITO,O=Yandex LLC,C=RU
* 	start date: Nov 27 19:15:39 2018 GMT
* 	expire date: May 26 19:15:39 2019 GMT
* 	common name: stt.api.cloud.yandex.net
* 	issuer: CN=Yandex CA,OU=Yandex Certification Authority,O=Yandex LLC,C=RU
> POST /speech/v1/stt:recognize/?topic=general&folderId=b1g9uqbho9p2b52psrbv HTTP/1.1
Host: stt.api.cloud.yandex.net
Accept: */*
Authorization: Bearer CggaATEVAgAAABKABED3kYWikB04cCL6Cs7wAfETQcwh_HDjKs__IVOWWgEI9o4dK0WxVcQoqKIW6m9MhgIJq3iIMuMDzP_3dmpltyYw2fbLCYreAXn91Lg1u1i2ZU1PqFzyNkV4Wd3smmvcK_qZM1UKv6ufA1aLkKeAHUgkRZa71jX675jePYoBNxnx_MBE84jYgPswYcGwjRkuXHL56jksfdxil6g6OxTTwwfKYgUTOhV-0y9aHsClXIk2IQ2MYebxu1eB6myyfDq5EDTlrd-zFdTxCYQEFb8_vr9HTPgpS-v8hfiKsgyLq8Thh5-GmYvNS-BZAR16cbYtxVFSKPD6jmQXzAvSNYUzrUKZ4HqyXsfyHGhIuOFCQ0E1zapMuX0tKS2jVYF-o4De9h2RWxpEdWL0R2ww_EI_M4TvN2wmyq0YiMOhI7kqWWZiEbghsjFcbAIeJuf31j5Pp-YBzRMkcMAZhEJPTREEE_AudZ4Uc14GJUbqsmj25ffFRFZIQLYK_q1FWHcqDF2I5y9zZ0GSE7s-6Gye5fEigOBT7zHk52_y54HQTDW9ptk8aPoxPPRoPNU-7mi7M46T0aCwR78WZO8SislfPOJGnswp-oROVLPZZPII_NBP5frsa8YDqES3Itzkr_GWUdkktcJ7FCr1vSGyExsCIrIjeHTeEN0bX2s92zjFedK3htL0GmoKIDAwM2NiYTRmZGUzMzRkMjA4NDMzMmI2YjYyZjdmYzY2EP7du-IFGL6vvuIFIigKFGFqZTljY2ZsczRpcGlobXQzbnZxEhBoZWxwQG5hc3Ryb2ltLnJ1WgAwAjgBSggaATEVAgAAAFABIPkE
Transfer-Encoding: chunked
Content-Type: application/x-www-form-urlencoded
Expect: 100-continue

< HTTP/1.1 100 Continue
< HTTP/1.1 200 OK
< Server: nginx
< Date: Mon, 28 Jan 2019 12:51:21 GMT
< Content-Type: application/json; charset=UTF-8
< Content-Length: 26
< Connection: keep-alive
< Keep-Alive: timeout=120
< Yacloud-Request-Id: 90fa4d26-c696-4778-b95e-21fa7a63d11a
< Yacloud-Billing-Units: 1
< X-qloud-router: sas1-439c5ca7ef72.qloud-c.yandex.net
< 
* Connection #19 to host stt.api.cloud.yandex.net left intact
